build copy/flutter_inappwebview_android/intermediates/manifest_merge_blame_file/debug/manifest-merger-blame-debug-report.txt
1<?xml version="1.0" encoding="utf-8"?>
2<manifest xmlns:android="http://schemas.android.com/apk/res/android"
3    package="com.pichillilorenzo.flutter_inappwebview_android" >
4
5    <uses-sdk
6        android:minSdkVersion="19"
6-->src/main/AndroidManifest.xml
7        android:targetSdkVersion="19" />
7-->src/main/AndroidManifest.xml
8
9    <queries>
9-->src/main/AndroidManifest.xml:37:5-42:15
10        <intent>
10-->src/main/AndroidManifest.xml:38:9-41:18
11            <action android:name="android.support.customtabs.action.CustomTabsService" />
11-->src/main/AndroidManifest.xml:39:13-40:73
11-->src/main/AndroidManifest.xml:39:21-104
12        </intent>
13    </queries>
14
15    <application>
15-->src/main/AndroidManifest.xml:4:5-35:19
16        <activity
16-->src/main/AndroidManifest.xml:5:9-9:140
17            android:name="com.pichillilorenzo.flutter_inappwebview_android.in_app_browser.InAppBrowserActivity"
17-->src/main/AndroidManifest.xml:8:13-112
18            android:configChanges="orientation|keyboardHidden|keyboard|screenSize|locale|layoutDirection|fontScale|screenLayout|density"
18-->src/main/AndroidManifest.xml:9:13-137
19            android:exported="false"
19-->src/main/AndroidManifest.xml:7:13-37
20            android:theme="@style/AppTheme" />
20-->src/main/AndroidManifest.xml:6:13-44
21        <activity
21-->src/main/AndroidManifest.xml:10:9-13:123
22            android:name="com.pichillilorenzo.flutter_inappwebview_android.chrome_custom_tabs.ChromeCustomTabsActivity"
22-->src/main/AndroidManifest.xml:13:13-120
23            android:exported="false"
23-->src/main/AndroidManifest.xml:12:13-37
24            android:theme="@style/ThemeTransparent" />
24-->src/main/AndroidManifest.xml:11:13-52
25        <activity
25-->src/main/AndroidManifest.xml:14:9-17:117
26            android:name="com.pichillilorenzo.flutter_inappwebview_android.chrome_custom_tabs.TrustedWebActivity"
26-->src/main/AndroidManifest.xml:17:13-114
27            android:exported="false"
27-->src/main/AndroidManifest.xml:16:13-37
28            android:theme="@style/ThemeTransparent" />
28-->src/main/AndroidManifest.xml:15:13-52
29        <activity
29-->src/main/AndroidManifest.xml:18:9-22:50
30            android:name="com.pichillilorenzo.flutter_inappwebview_android.chrome_custom_tabs.ChromeCustomTabsActivitySingleInstance"
30-->src/main/AndroidManifest.xml:21:13-134
31            android:exported="false"
31-->src/main/AndroidManifest.xml:20:13-37
32            android:launchMode="singleInstance"
32-->src/main/AndroidManifest.xml:22:13-48
33            android:theme="@style/ThemeTransparent" />
33-->src/main/AndroidManifest.xml:19:13-52
34        <activity
34-->src/main/AndroidManifest.xml:23:9-27:50
35            android:name="com.pichillilorenzo.flutter_inappwebview_android.chrome_custom_tabs.TrustedWebActivitySingleInstance"
35-->src/main/AndroidManifest.xml:26:13-128
36            android:exported="false"
36-->src/main/AndroidManifest.xml:25:13-37
37            android:launchMode="singleInstance"
37-->src/main/AndroidManifest.xml:27:13-48
38            android:theme="@style/ThemeTransparent" />
38-->src/main/AndroidManifest.xml:24:13-52
39
40        <receiver
40-->src/main/AndroidManifest.xml:28:9-31:40
41            android:name="com.pichillilorenzo.flutter_inappwebview_android.chrome_custom_tabs.ActionBroadcastReceiver"
41-->src/main/AndroidManifest.xml:29:13-119
42            android:enabled="true"
42-->src/main/AndroidManifest.xml:30:13-35
43            android:exported="false" />
43-->src/main/AndroidManifest.xml:31:13-37
44
45        <meta-data
45-->src/main/AndroidManifest.xml:32:9-34:36
46            android:name="io.flutter.embedded_views_preview"
46-->src/main/AndroidManifest.xml:33:13-61
47            android:value="true" />
47-->src/main/AndroidManifest.xml:34:13-33
48    </application>
49
50</manifest>